[0m19:15:01.300264 [debug] [MainThread]: Sending event: {'category': 'dbt', 'action': 'invocation', 'label': 'start', 'context': [<snowplow_tracker.self_describing_json.SelfDescribingJson object at 0x0000017C4CD37B00>, <snowplow_tracker.self_describing_json.SelfDescribingJson object at 0x0000017C4C433530>, <snowplow_tracker.self_describing_json.SelfDescribingJson object at 0x0000017C4C431B80>]}


============================== 19:15:01.305035 | ba186df4-21e5-4952-b1dd-bfdbe4550766 ==============================
[0m19:15:01.305035 [info ] [MainThread]: Running with dbt=1.11.11
[0m19:15:01.305035 [debug] [MainThread]: running dbt with arguments {'static_parser': 'True', 'no_print': 'None', 'version_check': 'True', 'warn_error_options': 'WarnErrorOptionsV2(error=[], warn=[], silence=[])', 'target_path': 'None', 'printer_width': '80', 'write_json': 'True', 'empty': 'None', 'log_cache_events': 'False', 'introspect': 'True', 'cache_selected_only': 'False', 'log_format': 'default', 'debug': 'False', 'fail_fast': 'False', 'profiles_dir': 'C:\\Users\\ShivamWadhia\\.dbt', 'send_anonymous_usage_stats': 'True', 'quiet': 'False', 'warn_error': 'None', 'partial_parse': 'True', 'indirect_selection': 'eager', 'invocation_command': 'dbt init', 'use_colors': 'True', 'use_experimental_parser': 'False', 'log_path': 'logs'}
[0m19:15:01.385163 [info ] [MainThread]: Creating dbt configuration folder at C:\Users\ShivamWadhia\.dbt
[0m19:16:36.791180 [debug] [MainThread]: Starter project path: C:\Users\ShivamWadhia\land_registry_dbt_cli_databricks\.venv\Lib\site-packages\dbt\include\starter_project
[0m19:16:36.828512 [info ] [MainThread]: 
Your new dbt project "land_registry_dbt" was created!

For more information on how to configure the profiles.yml file,
please consult the dbt documentation here:

  https://docs.getdbt.com/docs/configure-your-profile

One more thing:

Need help? Don't hesitate to reach out to us via GitHub issues or on Slack:

  https://community.getdbt.com/

Happy modeling!

[0m19:16:36.830098 [info ] [MainThread]: Setting up your profile.
[0m19:17:43.197030 [debug] [MainThread]: Spark adapter: Setting pyhive.hive logging to ERROR
[0m19:17:43.198016 [debug] [MainThread]: Spark adapter: Setting thrift.transport logging to ERROR
[0m19:17:43.199018 [debug] [MainThread]: Spark adapter: Setting thrift.protocol logging to ERROR
[0m19:24:51.815299 [info ] [MainThread]: Profile land_registry_dbt written to C:\Users\ShivamWadhia\.dbt\profiles.yml using target's profile_template.yml and your supplied values. Run 'dbt debug' to validate the connection.
[0m19:24:51.815299 [debug] [MainThread]: Command `dbt init` succeeded at 19:24:51.815299 after 590.63 seconds
[0m19:24:51.820286 [debug] [MainThread]: Sending event: {'category': 'dbt', 'action': 'invocation', 'label': 'end', 'context': [<snowplow_tracker.self_describing_json.SelfDescribingJson object at 0x0000017C706E2840>, <snowplow_tracker.self_describing_json.SelfDescribingJson object at 0x0000017C6E9674A0>, <snowplow_tracker.self_describing_json.SelfDescribingJson object at 0x0000017C6FCF5070>]}
[0m19:24:51.820286 [debug] [MainThread]: Flushing usage events
[0m19:24:52.255688 [debug] [MainThread]: An error was encountered while trying to flush usage events
[0m19:25:15.546706 [debug] [MainThread]: Sending event: {'category': 'dbt', 'action': 'invocation', 'label': 'start', 'context': [<snowplow_tracker.self_describing_json.SelfDescribingJson object at 0x00000197A7C7E510>, <snowplow_tracker.self_describing_json.SelfDescribingJson object at 0x00000197A81A6150>, <snowplow_tracker.self_describing_json.SelfDescribingJson object at 0x00000197A7DE8FB0>]}


============================== 19:25:15.546706 | 1b38c049-ec4a-439f-8035-15b8c9402ef8 ==============================
[0m19:25:15.546706 [info ] [MainThread]: Running with dbt=1.11.11
[0m19:25:15.546706 [debug] [MainThread]: running dbt with arguments {'static_parser': 'True', 'no_print': 'None', 'version_check': 'True', 'target_path': 'None', 'warn_error_options': 'WarnErrorOptionsV2(error=[], warn=[], silence=[])', 'printer_width': '80', 'write_json': 'True', 'introspect': 'True', 'log_cache_events': 'False', 'empty': 'None', 'cache_selected_only': 'False', 'log_format': 'default', 'debug': 'False', 'fail_fast': 'False', 'profiles_dir': 'C:\\Users\\ShivamWadhia\\.dbt', 'send_anonymous_usage_stats': 'True', 'quiet': 'False', 'warn_error': 'None', 'partial_parse': 'True', 'invocation_command': 'dbt debug', 'indirect_selection': 'eager', 'use_colors': 'True', 'use_experimental_parser': 'False', 'log_path': 'logs'}
[0m19:25:15.586334 [info ] [MainThread]: dbt version: 1.11.11
[0m19:25:15.586334 [info ] [MainThread]: python version: 3.12.13
[0m19:25:15.586334 [info ] [MainThread]: python path: C:\Users\ShivamWadhia\land_registry_dbt_cli_databricks\.venv\Scripts\python.exe
[0m19:25:15.586334 [info ] [MainThread]: os info: Windows-11-10.0.26200-SP0
[0m19:25:16.228358 [debug] [MainThread]: Spark adapter: Setting pyhive.hive logging to ERROR
[0m19:25:16.228358 [debug] [MainThread]: Spark adapter: Setting thrift.transport logging to ERROR
[0m19:25:16.228358 [debug] [MainThread]: Spark adapter: Setting thrift.protocol logging to ERROR
[0m19:25:16.796645 [info ] [MainThread]: Using profiles dir at C:\Users\ShivamWadhia\.dbt
[0m19:25:16.796645 [info ] [MainThread]: Using profiles.yml file at C:\Users\ShivamWadhia\.dbt\profiles.yml
[0m19:25:16.796645 [info ] [MainThread]: Using dbt_project.yml file at C:\Users\ShivamWadhia\land_registry_dbt_cli_databricks\dbt_project.yml
[0m19:25:16.796645 [info ] [MainThread]: adapter type: databricks
[0m19:25:16.796645 [info ] [MainThread]: adapter version: 1.12.1
[0m19:25:16.796645 [info ] [MainThread]: Configuration:
[0m19:25:16.796645 [info ] [MainThread]:   profiles.yml file [[32mOK found and valid[0m]
[0m19:25:16.796645 [info ] [MainThread]:   dbt_project.yml file [[31mERROR not found[0m]
[0m19:25:16.800110 [info ] [MainThread]: Required dependencies:
[0m19:25:16.800110 [debug] [MainThread]: Executing "git --help"
[0m19:25:16.826444 [debug] [MainThread]: STDOUT: "b"usage: git [-v | --version] [-h | --help] [-C <path>] [-c <name>=<value>]\n           [--exec-path[=<path>]] [--html-path] [--man-path] [--info-path]\n           [-p | --paginate | -P | --no-pager] [--no-replace-objects] [--no-lazy-fetch]\n           [--no-optional-locks] [--no-advice] [--bare] [--git-dir=<path>]\n           [--work-tree=<path>] [--namespace=<name>] [--config-env=<name>=<envvar>]\n           <command> [<args>]\n\nThese are common Git commands used in various situations:\n\nstart a working area (see also: git help tutorial)\n   clone      Clone a repository into a new directory\n   init       Create an empty Git repository or reinitialize an existing one\n\nwork on the current change (see also: git help everyday)\n   add        Add file contents to the index\n   mv         Move or rename a file, a directory, or a symlink\n   restore    Restore working tree files\n   rm         Remove files from the working tree and from the index\n\nexamine the history and state (see also: git help revisions)\n   bisect     Use binary search to find the commit that introduced a bug\n   diff       Show changes between commits, commit and working tree, etc\n   grep       Print lines matching a pattern\n   log        Show commit logs\n   show       Show various types of objects\n   status     Show the working tree status\n\ngrow, mark and tweak your common history\n   backfill   Download missing objects in a partial clone\n   branch     List, create, or delete branches\n   commit     Record changes to the repository\n   history    EXPERIMENTAL: Rewrite history\n   merge      Join two or more development histories together\n   rebase     Reapply commits on top of another base tip\n   reset      Set `HEAD` or the index to a known state\n   switch     Switch branches\n   tag        Create, list, delete or verify tags\n\ncollaborate (see also: git help workflows)\n   fetch      Download objects and refs from another repository\n   pull       Fetch from and integrate with another repository or a local branch\n   push       Update remote refs along with associated objects\n\n'git help -a' and 'git help -g' list available subcommands and some\nconcept guides. See 'git help <command>' or 'git help <concept>'\nto read about a specific subcommand or concept.\nSee 'git help git' for an overview of the system.\n""
[0m19:25:16.826444 [debug] [MainThread]: STDERR: "b''"
[0m19:25:16.826444 [info ] [MainThread]:  - git [[32mOK found[0m]

[0m19:25:16.826444 [info ] [MainThread]: Connection:
[0m19:25:16.826444 [info ] [MainThread]:   host: dbc-cecbe34a-e376.cloud.databricks.com
[0m19:25:16.826444 [info ] [MainThread]:   http_path: /sql/1.0/warehouses/b64ed6d3803d5dda
[0m19:25:16.826444 [info ] [MainThread]:   catalog: land_registry
[0m19:25:16.826444 [info ] [MainThread]:   schema: default
[0m19:25:16.831774 [info ] [MainThread]: Registered adapter: databricks=1.12.1
[0m19:25:17.266616 [debug] [MainThread]: Databricks adapter: DatabricksDBTConnection(session-id=None, name=debug) - Creating connection
[0m19:25:17.270733 [debug] [MainThread]: Acquiring new databricks connection 'debug'
[0m19:25:17.784587 [info ] [MainThread]: Databricks adapter:   SPOG host (host_type='workspace'): no
[0m19:25:17.785587 [info ] [MainThread]: Databricks adapter:   workspace_id (from ?o= in http_path): None
[0m19:25:17.786588 [info ] [MainThread]: Databricks adapter:   databricks-sql-connector version: 4.2.6 (supported)
[0m19:25:17.786588 [info ] [MainThread]: Databricks adapter:   databricks-sdk version: 0.104.0 (supported)
[0m19:25:17.786588 [debug] [MainThread]: Using databricks connection "debug"
[0m19:25:17.786588 [debug] [MainThread]: On debug: select 1 as id
[0m19:25:17.786588 [debug] [MainThread]: Opening a new connection, currently in state init
[0m19:25:19.344432 [debug] [MainThread]: Databricks adapter: Connection(session-id=01f17afa-601e-1a0a-9d94-d17a57116962) - Created
[0m19:25:19.863800 [debug] [MainThread]: SQL status: OK in 2.080 seconds
[0m19:25:19.879432 [debug] [MainThread]: Databricks adapter: Cursor(session-id=01f17afa-601e-1a0a-9d94-d17a57116962, command-id=01f17afa-607a-128d-9174-e23abaa00fab) - Closing
[0m19:25:19.879432 [debug] [MainThread]: On debug: Close
[0m19:25:19.879432 [debug] [MainThread]: Databricks adapter: Connection(session-id=01f17afa-601e-1a0a-9d94-d17a57116962) - Closing
[0m19:25:20.031311 [info ] [MainThread]:   Connection test: [[32mOK connection ok[0m]

[0m19:25:20.031311 [info ] [MainThread]: [31m1 check failed:[0m
[0m19:25:20.031311 [info ] [MainThread]: Project loading failed for the following reason:
 project path <C:\Users\ShivamWadhia\land_registry_dbt_cli_databricks\dbt_project.yml> not found

[0m19:25:20.031311 [debug] [MainThread]: Command `dbt debug` failed at 19:25:20.031311 after 4.61 seconds
[0m19:25:20.031311 [debug] [MainThread]: Sending event: {'category': 'dbt', 'action': 'invocation', 'label': 'end', 'context': [<snowplow_tracker.self_describing_json.SelfDescribingJson object at 0x00000197A7DE8FB0>, <snowplow_tracker.self_describing_json.SelfDescribingJson object at 0x00000197A7E22690>, <snowplow_tracker.self_describing_json.SelfDescribingJson object at 0x00000197A7E22990>]}
[0m19:25:20.031311 [debug] [MainThread]: Flushing usage events
[0m19:25:20.395776 [debug] [MainThread]: An error was encountered while trying to flush usage events
